<?xml version="1.0" encoding="UTF-8" ?>
<testsuite tests="4" failures="0" name="model.struttura.StrutturaDAOTest" time="0.047" errors="0" skipped="0">
  <properties>
[...]
</properties>
  <testcase classname="model.struttura.StrutturaDAOTest" name="doChangesTest" time="0.015"/>
  <testcase classname="model.struttura.StrutturaDAOTest" name="deleteStrutturaTest" time="0.01"/>
  <testcase classname="model.struttura.StrutturaDAOTest" name="addStrutturaTest" time="0.019"/>
  <testcase classname="model.struttura.StrutturaDAOTest" name="doRetrieveByIdTest" time="0.003"/>
</testsuite>